{"D:\\rs_school\\rs-react\\src\\App.tsx": {"path":"D:\\rs_school\\rs-react\\src\\App.tsx","all":false,"statementMap":{"0":{"start":{"line":1,"column":0},"end":{"line":1,"column":34}},"1":{"start":{"line":2,"column":0},"end":{"line":2,"column":55}},"2":{"start":{"line":3,"column":0},"end":{"line":3,"column":51}},"4":{"start":{"line":5,"column":0},"end":{"line":5,"column":56}},"5":{"start":{"line":6,"column":0},"end":{"line":6,"column":47}},"6":{"start":{"line":7,"column":0},"end":{"line":7,"column":19}},"7":{"start":{"line":8,"column":0},"end":{"line":8,"column":45}},"9":{"start":{"line":10,"column":0},"end":{"line":10,"column":26}},"10":{"start":{"line":11,"column":0},"end":{"line":11,"column":31}},"11":{"start":{"line":12,"column":0},"end":{"line":12,"column":41}},"12":{"start":{"line":13,"column":0},"end":{"line":13,"column":2}},"14":{"start":{"line":15,"column":0},"end":{"line":15,"column":69}},"15":{"start":{"line":16,"column":0},"end":{"line":16,"column":45}},"16":{"start":{"line":17,"column":0},"end":{"line":17,"column":17}},"17":{"start":{"line":18,"column":0},"end":{"line":18,"column":65}},"18":{"start":{"line":19,"column":0},"end":{"line":19,"column":18}},"19":{"start":{"line":20,"column":0},"end":{"line":20,"column":24}},"20":{"start":{"line":21,"column":0},"end":{"line":21,"column":18}},"21":{"start":{"line":22,"column":0},"end":{"line":22,"column":21}},"22":{"start":{"line":23,"column":0},"end":{"line":23,"column":26}},"23":{"start":{"line":24,"column":0},"end":{"line":24,"column":6}},"24":{"start":{"line":25,"column":0},"end":{"line":25,"column":3}},"26":{"start":{"line":27,"column":0},"end":{"line":27,"column":23}},"27":{"start":{"line":28,"column":0},"end":{"line":28,"column":37}},"28":{"start":{"line":29,"column":0},"end":{"line":29,"column":3}},"30":{"start":{"line":31,"column":0},"end":{"line":31,"column":41}},"31":{"start":{"line":32,"column":0},"end":{"line":32,"column":37}},"32":{"start":{"line":33,"column":0},"end":{"line":33,"column":26}},"33":{"start":{"line":34,"column":0},"end":{"line":34,"column":79}},"34":{"start":{"line":35,"column":0},"end":{"line":35,"column":45}},"36":{"start":{"line":37,"column":0},"end":{"line":37,"column":9}},"37":{"start":{"line":38,"column":0},"end":{"line":38,"column":39}},"38":{"start":{"line":39,"column":0},"end":{"line":39,"column":36}},"40":{"start":{"line":41,"column":0},"end":{"line":41,"column":68}},"41":{"start":{"line":42,"column":0},"end":{"line":42,"column":22}},"42":{"start":{"line":43,"column":0},"end":{"line":43,"column":36}},"43":{"start":{"line":44,"column":0},"end":{"line":44,"column":23}},"44":{"start":{"line":45,"column":0},"end":{"line":45,"column":15}},"45":{"start":{"line":46,"column":0},"end":{"line":46,"column":65}},"47":{"start":{"line":48,"column":0},"end":{"line":48,"column":60}},"48":{"start":{"line":49,"column":0},"end":{"line":49,"column":44}},"49":{"start":{"line":50,"column":0},"end":{"line":50,"column":40}},"51":{"start":{"line":52,"column":0},"end":{"line":52,"column":22}},"52":{"start":{"line":53,"column":0},"end":{"line":53,"column":20}},"53":{"start":{"line":54,"column":0},"end":{"line":54,"column":28}},"54":{"start":{"line":55,"column":0},"end":{"line":55,"column":31}},"55":{"start":{"line":56,"column":0},"end":{"line":56,"column":64}},"56":{"start":{"line":57,"column":0},"end":{"line":57,"column":56}},"57":{"start":{"line":58,"column":0},"end":{"line":58,"column":48}},"58":{"start":{"line":59,"column":0},"end":{"line":59,"column":56}},"59":{"start":{"line":60,"column":0},"end":{"line":60,"column":63}},"60":{"start":{"line":61,"column":0},"end":{"line":61,"column":14}},"61":{"start":{"line":62,"column":0},"end":{"line":62,"column":11}},"63":{"start":{"line":64,"column":0},"end":{"line":64,"column":15}},"64":{"start":{"line":65,"column":0},"end":{"line":65,"column":50}},"65":{"start":{"line":66,"column":0},"end":{"line":66,"column":50}},"66":{"start":{"line":67,"column":0},"end":{"line":67,"column":56}},"68":{"start":{"line":69,"column":0},"end":{"line":69,"column":20}},"69":{"start":{"line":70,"column":0},"end":{"line":70,"column":28}},"70":{"start":{"line":71,"column":0},"end":{"line":71,"column":34}},"71":{"start":{"line":72,"column":0},"end":{"line":72,"column":75}},"72":{"start":{"line":73,"column":0},"end":{"line":73,"column":59}},"73":{"start":{"line":74,"column":0},"end":{"line":74,"column":51}},"74":{"start":{"line":75,"column":0},"end":{"line":75,"column":59}},"75":{"start":{"line":76,"column":0},"end":{"line":76,"column":66}},"76":{"start":{"line":77,"column":0},"end":{"line":77,"column":14}},"77":{"start":{"line":78,"column":0},"end":{"line":78,"column":27}},"78":{"start":{"line":79,"column":0},"end":{"line":79,"column":63}},"79":{"start":{"line":80,"column":0},"end":{"line":80,"column":20}},"80":{"start":{"line":81,"column":0},"end":{"line":81,"column":28}},"81":{"start":{"line":82,"column":0},"end":{"line":82,"column":30}},"82":{"start":{"line":83,"column":0},"end":{"line":83,"column":44}},"83":{"start":{"line":84,"column":0},"end":{"line":84,"column":36}},"84":{"start":{"line":85,"column":0},"end":{"line":85,"column":32}},"85":{"start":{"line":86,"column":0},"end":{"line":86,"column":36}},"86":{"start":{"line":87,"column":0},"end":{"line":87,"column":35}},"87":{"start":{"line":88,"column":0},"end":{"line":88,"column":14}},"88":{"start":{"line":89,"column":0},"end":{"line":89,"column":11}},"89":{"start":{"line":90,"column":0},"end":{"line":90,"column":10}},"90":{"start":{"line":91,"column":0},"end":{"line":91,"column":8}},"92":{"start":{"line":93,"column":0},"end":{"line":93,"column":65}},"93":{"start":{"line":94,"column":0},"end":{"line":94,"column":19}},"94":{"start":{"line":95,"column":0},"end":{"line":95,"column":48}},"95":{"start":{"line":96,"column":0},"end":{"line":96,"column":37}},"96":{"start":{"line":97,"column":0},"end":{"line":97,"column":5}},"97":{"start":{"line":98,"column":0},"end":{"line":98,"column":4}},"99":{"start":{"line":100,"column":0},"end":{"line":100,"column":37}},"100":{"start":{"line":101,"column":0},"end":{"line":101,"column":29}},"101":{"start":{"line":102,"column":0},"end":{"line":102,"column":26}},"102":{"start":{"line":103,"column":0},"end":{"line":103,"column":4}},"104":{"start":{"line":105,"column":0},"end":{"line":105,"column":12}},"105":{"start":{"line":106,"column":0},"end":{"line":106,"column":12}},"106":{"start":{"line":107,"column":0},"end":{"line":107,"column":11}},"107":{"start":{"line":108,"column":0},"end":{"line":108,"column":18}},"109":{"start":{"line":110,"column":0},"end":{"line":110,"column":46}},"110":{"start":{"line":111,"column":0},"end":{"line":111,"column":20}},"111":{"start":{"line":112,"column":0},"end":{"line":112,"column":40}},"112":{"start":{"line":113,"column":0},"end":{"line":113,"column":43}},"113":{"start":{"line":114,"column":0},"end":{"line":114,"column":12}},"115":{"start":{"line":116,"column":0},"end":{"line":116,"column":45}},"117":{"start":{"line":118,"column":0},"end":{"line":118,"column":14}},"118":{"start":{"line":119,"column":0},"end":{"line":119,"column":20}},"119":{"start":{"line":120,"column":0},"end":{"line":120,"column":64}},"120":{"start":{"line":121,"column":0},"end":{"line":121,"column":66}},"121":{"start":{"line":122,"column":0},"end":{"line":122,"column":45}},"122":{"start":{"line":123,"column":0},"end":{"line":123,"column":14}},"124":{"start":{"line":125,"column":0},"end":{"line":125,"column":19}},"125":{"start":{"line":126,"column":0},"end":{"line":126,"column":32}},"126":{"start":{"line":127,"column":0},"end":{"line":127,"column":61}},"127":{"start":{"line":128,"column":0},"end":{"line":128,"column":67}},"128":{"start":{"line":129,"column":0},"end":{"line":129,"column":13}},"130":{"start":{"line":131,"column":0},"end":{"line":131,"column":21}},"131":{"start":{"line":132,"column":0},"end":{"line":132,"column":60}},"132":{"start":{"line":133,"column":0},"end":{"line":133,"column":56}},"133":{"start":{"line":134,"column":0},"end":{"line":134,"column":16}},"134":{"start":{"line":135,"column":0},"end":{"line":135,"column":14}},"135":{"start":{"line":136,"column":0},"end":{"line":136,"column":12}},"137":{"start":{"line":138,"column":0},"end":{"line":138,"column":3}},"138":{"start":{"line":139,"column":0},"end":{"line":139,"column":1}},"140":{"start":{"line":141,"column":0},"end":{"line":141,"column":19}}},"s":{"0":1,"1":1,"2":1,"4":1,"5":1,"6":1,"7":1,"9":1,"10":1,"11":3,"12":3,"14":1,"15":5,"16":6,"17":6,"18":6,"19":6,"20":6,"21":6,"22":6,"23":6,"24":6,"26":5,"27":5,"28":5,"30":5,"31":6,"32":6,"33":2,"34":4,"36":6,"37":6,"38":5,"40":5,"41":5,"42":0,"43":0,"44":0,"45":6,"47":6,"48":6,"49":10,"51":10,"52":10,"53":10,"54":10,"55":10,"56":10,"57":10,"58":10,"59":10,"60":10,"61":10,"63":0,"64":0,"65":0,"66":0,"68":0,"69":0,"70":0,"71":0,"72":10,"73":10,"74":10,"75":10,"76":0,"77":0,"78":0,"79":0,"80":0,"81":0,"82":0,"83":0,"84":0,"85":0,"86":0,"87":0,"88":0,"89":6,"90":6,"92":5,"93":6,"94":1,"95":1,"96":1,"97":6,"99":5,"100":1,"101":1,"102":1,"104":5,"105":17,"106":17,"107":17,"109":17,"110":17,"111":17,"112":17,"113":17,"115":17,"117":17,"118":17,"119":17,"120":17,"121":17,"122":17,"124":17,"125":17,"126":17,"127":17,"128":17,"130":17,"131":17,"132":17,"133":17,"134":17,"135":17,"137":17,"138":5,"140":1},"branchMap":{"0":{"type":"branch","line":11,"loc":{"start":{"line":11,"column":24},"end":{"line":13,"column":2}},"locations":[{"start":{"line":11,"column":24},"end":{"line":13,"column":2}}]},"1":{"type":"branch","line":15,"loc":{"start":{"line":15,"column":68},"end":{"line":139,"column":1}},"locations":[{"start":{"line":15,"column":68},"end":{"line":139,"column":1}}]},"2":{"type":"branch","line":16,"loc":{"start":{"line":16,"column":2},"end":{"line":25,"column":3}},"locations":[{"start":{"line":16,"column":2},"end":{"line":25,"column":3}}]},"3":{"type":"branch","line":18,"loc":{"start":{"line":18,"column":57},"end":{"line":18,"column":65}},"locations":[{"start":{"line":18,"column":57},"end":{"line":18,"column":65}}]},"4":{"type":"branch","line":27,"loc":{"start":{"line":27,"column":2},"end":{"line":29,"column":3}},"locations":[{"start":{"line":27,"column":2},"end":{"line":29,"column":3}}]},"5":{"type":"branch","line":31,"loc":{"start":{"line":31,"column":14},"end":{"line":98,"column":4}},"locations":[{"start":{"line":31,"column":14},"end":{"line":98,"column":4}}]},"6":{"type":"branch","line":33,"loc":{"start":{"line":33,"column":20},"end":{"line":34,"column":79}},"locations":[{"start":{"line":33,"column":20},"end":{"line":34,"column":79}}]},"7":{"type":"branch","line":34,"loc":{"start":{"line":34,"column":77},"end":{"line":35,"column":45}},"locations":[{"start":{"line":34,"column":77},"end":{"line":35,"column":45}}]},"8":{"type":"branch","line":38,"loc":{"start":{"line":38,"column":37},"end":{"line":42,"column":22}},"locations":[{"start":{"line":38,"column":37},"end":{"line":42,"column":22}}]},"9":{"type":"branch","line":42,"loc":{"start":{"line":42,"column":15},"end":{"line":45,"column":15}},"locations":[{"start":{"line":42,"column":15},"end":{"line":45,"column":15}}]},"10":{"type":"branch","line":91,"loc":{"start":{"line":91,"column":6},"end":{"line":94,"column":13}},"locations":[{"start":{"line":91,"column":6},"end":{"line":94,"column":13}}]},"11":{"type":"branch","line":94,"loc":{"start":{"line":94,"column":4},"end":{"line":97,"column":5}},"locations":[{"start":{"line":94,"column":4},"end":{"line":97,"column":5}}]},"12":{"type":"branch","line":49,"loc":{"start":{"line":49,"column":27},"end":{"line":90,"column":9}},"locations":[{"start":{"line":49,"column":27},"end":{"line":90,"column":9}}]},"13":{"type":"branch","line":56,"loc":{"start":{"line":56,"column":32},"end":{"line":56,"column":64}},"locations":[{"start":{"line":56,"column":32},"end":{"line":56,"column":64}}]},"14":{"type":"branch","line":57,"loc":{"start":{"line":57,"column":32},"end":{"line":57,"column":56}},"locations":[{"start":{"line":57,"column":32},"end":{"line":57,"column":56}}]},"15":{"type":"branch","line":58,"loc":{"start":{"line":58,"column":28},"end":{"line":58,"column":48}},"locations":[{"start":{"line":58,"column":28},"end":{"line":58,"column":48}}]},"16":{"type":"branch","line":59,"loc":{"start":{"line":59,"column":32},"end":{"line":59,"column":56}},"locations":[{"start":{"line":59,"column":32},"end":{"line":59,"column":56}}]},"17":{"type":"branch","line":62,"loc":{"start":{"line":62,"column":10},"end":{"line":72,"column":75}},"locations":[{"start":{"line":62,"column":10},"end":{"line":72,"column":75}}]},"18":{"type":"branch","line":73,"loc":{"start":{"line":73,"column":35},"end":{"line":73,"column":59}},"locations":[{"start":{"line":73,"column":35},"end":{"line":73,"column":59}}]},"19":{"type":"branch","line":74,"loc":{"start":{"line":74,"column":31},"end":{"line":74,"column":51}},"locations":[{"start":{"line":74,"column":31},"end":{"line":74,"column":51}}]},"20":{"type":"branch","line":75,"loc":{"start":{"line":75,"column":35},"end":{"line":75,"column":59}},"locations":[{"start":{"line":75,"column":35},"end":{"line":75,"column":59}}]},"21":{"type":"branch","line":76,"loc":{"start":{"line":76,"column":64},"end":{"line":89,"column":11}},"locations":[{"start":{"line":76,"column":64},"end":{"line":89,"column":11}}]},"22":{"type":"branch","line":100,"loc":{"start":{"line":100,"column":17},"end":{"line":103,"column":4}},"locations":[{"start":{"line":100,"column":17},"end":{"line":103,"column":4}}]},"23":{"type":"branch","line":105,"loc":{"start":{"line":105,"column":2},"end":{"line":138,"column":3}},"locations":[{"start":{"line":105,"column":2},"end":{"line":138,"column":3}}]},"24":{"type":"branch","line":116,"loc":{"start":{"line":116,"column":22},"end":{"line":116,"column":45}},"locations":[{"start":{"line":116,"column":22},"end":{"line":116,"column":45}}]},"25":{"type":"branch","line":120,"loc":{"start":{"line":120,"column":33},"end":{"line":120,"column":57}},"locations":[{"start":{"line":120,"column":33},"end":{"line":120,"column":57}}]},"26":{"type":"branch","line":120,"loc":{"start":{"line":120,"column":43},"end":{"line":120,"column":64}},"locations":[{"start":{"line":120,"column":43},"end":{"line":120,"column":64}}]},"27":{"type":"branch","line":121,"loc":{"start":{"line":121,"column":40},"end":{"line":121,"column":59}},"locations":[{"start":{"line":121,"column":40},"end":{"line":121,"column":59}}]},"28":{"type":"branch","line":121,"loc":{"start":{"line":121,"column":50},"end":{"line":121,"column":66}},"locations":[{"start":{"line":121,"column":50},"end":{"line":121,"column":66}}]},"29":{"type":"branch","line":132,"loc":{"start":{"line":132,"column":24},"end":{"line":132,"column":60}},"locations":[{"start":{"line":132,"column":24},"end":{"line":132,"column":60}}]},"30":{"type":"branch","line":128,"loc":{"start":{"line":128,"column":23},"end":{"line":128,"column":67}},"locations":[{"start":{"line":128,"column":23},"end":{"line":128,"column":67}}]}},"b":{"0":[3],"1":[5],"2":[6],"3":[4],"4":[5],"5":[6],"6":[2],"7":[4],"8":[5],"9":[0],"10":[5],"11":[1],"12":[10],"13":[0],"14":[0],"15":[0],"16":[0],"17":[0],"18":[0],"19":[0],"20":[0],"21":[0],"22":[1],"23":[17],"24":[9],"25":[9],"26":[8],"27":[9],"28":[8],"29":[2],"30":[1]},"fnMap":{"0":{"name":"BrokenComponent","decl":{"start":{"line":11,"column":24},"end":{"line":13,"column":2}},"loc":{"start":{"line":11,"column":24},"end":{"line":13,"column":2}},"line":11},"1":{"name":"<instance_members_initializer>","decl":{"start":{"line":15,"column":68},"end":{"line":139,"column":1}},"loc":{"start":{"line":15,"column":68},"end":{"line":139,"column":1}},"line":15},"2":{"name":"App","decl":{"start":{"line":16,"column":2},"end":{"line":25,"column":3}},"loc":{"start":{"line":16,"column":2},"end":{"line":25,"column":3}},"line":16},"3":{"name":"componentDidMount","decl":{"start":{"line":27,"column":2},"end":{"line":29,"column":3}},"loc":{"start":{"line":27,"column":2},"end":{"line":29,"column":3}},"line":27},"4":{"name":"fetchData","decl":{"start":{"line":31,"column":14},"end":{"line":98,"column":4}},"loc":{"start":{"line":31,"column":14},"end":{"line":98,"column":4}},"line":31},"5":{"name":"handleSearch","decl":{"start":{"line":100,"column":17},"end":{"line":103,"column":4}},"loc":{"start":{"line":100,"column":17},"end":{"line":103,"column":4}},"line":100},"6":{"name":"render","decl":{"start":{"line":105,"column":2},"end":{"line":138,"column":3}},"loc":{"start":{"line":105,"column":2},"end":{"line":138,"column":3}},"line":105},"7":{"name":"onClick","decl":{"start":{"line":128,"column":23},"end":{"line":128,"column":67}},"loc":{"start":{"line":128,"column":23},"end":{"line":128,"column":67}},"line":128}},"f":{"0":3,"1":5,"2":6,"3":5,"4":6,"5":1,"6":17,"7":1}}
,"D:\\rs_school\\rs-react\\src\\components\\CardCharacter.tsx": {"path":"D:\\rs_school\\rs-react\\src\\components\\CardCharacter.tsx","all":false,"statementMap":{"0":{"start":{"line":1,"column":0},"end":{"line":1,"column":26}},"7":{"start":{"line":8,"column":0},"end":{"line":8,"column":66}},"8":{"start":{"line":9,"column":0},"end":{"line":9,"column":74}},"9":{"start":{"line":10,"column":0},"end":{"line":10,"column":14}},"11":{"start":{"line":12,"column":0},"end":{"line":12,"column":10}},"12":{"start":{"line":13,"column":0},"end":{"line":13,"column":35}},"13":{"start":{"line":14,"column":0},"end":{"line":14,"column":31}},"14":{"start":{"line":15,"column":0},"end":{"line":15,"column":62}},"15":{"start":{"line":16,"column":0},"end":{"line":16,"column":10}},"16":{"start":{"line":17,"column":0},"end":{"line":17,"column":34}},"17":{"start":{"line":18,"column":0},"end":{"line":18,"column":12}},"18":{"start":{"line":19,"column":0},"end":{"line":19,"column":63}},"19":{"start":{"line":20,"column":0},"end":{"line":20,"column":13}},"20":{"start":{"line":21,"column":0},"end":{"line":21,"column":12}},"21":{"start":{"line":22,"column":0},"end":{"line":22,"column":54}},"22":{"start":{"line":23,"column":0},"end":{"line":23,"column":13}},"23":{"start":{"line":24,"column":0},"end":{"line":24,"column":12}},"24":{"start":{"line":25,"column":0},"end":{"line":25,"column":46}},"25":{"start":{"line":26,"column":0},"end":{"line":26,"column":13}},"26":{"start":{"line":27,"column":0},"end":{"line":27,"column":12}},"27":{"start":{"line":28,"column":0},"end":{"line":28,"column":54}},"28":{"start":{"line":29,"column":0},"end":{"line":29,"column":13}},"29":{"start":{"line":30,"column":0},"end":{"line":30,"column":12}},"30":{"start":{"line":31,"column":0},"end":{"line":31,"column":52}},"31":{"start":{"line":32,"column":0},"end":{"line":32,"column":13}},"32":{"start":{"line":33,"column":0},"end":{"line":33,"column":11}},"33":{"start":{"line":34,"column":0},"end":{"line":34,"column":9}},"35":{"start":{"line":36,"column":0},"end":{"line":36,"column":2}}},"s":{"0":1,"7":1,"8":6,"9":6,"11":6,"12":6,"13":6,"14":6,"15":6,"16":6,"17":6,"18":6,"19":6,"20":6,"21":6,"22":6,"23":6,"24":6,"25":6,"26":6,"27":6,"28":6,"29":6,"30":6,"31":6,"32":6,"33":6,"35":6},"branchMap":{"0":{"type":"branch","line":8,"loc":{"start":{"line":8,"column":46},"end":{"line":36,"column":2}},"locations":[{"start":{"line":8,"column":46},"end":{"line":36,"column":2}}]},"1":{"type":"branch","line":19,"loc":{"start":{"line":19,"column":31},"end":{"line":19,"column":63}},"locations":[{"start":{"line":19,"column":31},"end":{"line":19,"column":63}}]},"2":{"type":"branch","line":22,"loc":{"start":{"line":22,"column":30},"end":{"line":22,"column":54}},"locations":[{"start":{"line":22,"column":30},"end":{"line":22,"column":54}}]},"3":{"type":"branch","line":25,"loc":{"start":{"line":25,"column":26},"end":{"line":25,"column":46}},"locations":[{"start":{"line":25,"column":26},"end":{"line":25,"column":46}}]},"4":{"type":"branch","line":28,"loc":{"start":{"line":28,"column":30},"end":{"line":28,"column":54}},"locations":[{"start":{"line":28,"column":30},"end":{"line":28,"column":54}}]},"5":{"type":"branch","line":31,"loc":{"start":{"line":31,"column":29},"end":{"line":31,"column":52}},"locations":[{"start":{"line":31,"column":29},"end":{"line":31,"column":52}}]}},"b":{"0":[6],"1":[0],"2":[0],"3":[0],"4":[0],"5":[0]},"fnMap":{"0":{"name":"CardCharacter","decl":{"start":{"line":8,"column":46},"end":{"line":36,"column":2}},"loc":{"start":{"line":8,"column":46},"end":{"line":36,"column":2}},"line":8}},"f":{"0":6}}
,"D:\\rs_school\\rs-react\\src\\components\\Header.tsx": {"path":"D:\\rs_school\\rs-react\\src\\components\\Header.tsx","all":false,"statementMap":{"0":{"start":{"line":1,"column":0},"end":{"line":1,"column":29}},"1":{"start":{"line":2,"column":0},"end":{"line":2,"column":10}},"2":{"start":{"line":3,"column":0},"end":{"line":3,"column":70}},"4":{"start":{"line":5,"column":0},"end":{"line":5,"column":9}},"5":{"start":{"line":6,"column":0},"end":{"line":6,"column":11}}},"s":{"0":1,"1":17,"2":17,"4":17,"5":17},"branchMap":{"0":{"type":"branch","line":1,"loc":{"start":{"line":1,"column":22},"end":{"line":6,"column":11}},"locations":[{"start":{"line":1,"column":22},"end":{"line":6,"column":11}}]}},"b":{"0":[17]},"fnMap":{"0":{"name":"Header","decl":{"start":{"line":1,"column":22},"end":{"line":6,"column":11}},"loc":{"start":{"line":1,"column":22},"end":{"line":6,"column":11}},"line":1}},"f":{"0":17}}
,"D:\\rs_school\\rs-react\\src\\components\\MyErrorBoundary.tsx": {"path":"D:\\rs_school\\rs-react\\src\\components\\MyErrorBoundary.tsx","all":false,"statementMap":{"0":{"start":{"line":1,"column":0},"end":{"line":1,"column":50}},"10":{"start":{"line":11,"column":0},"end":{"line":11,"column":62}},"11":{"start":{"line":12,"column":0},"end":{"line":12,"column":29}},"12":{"start":{"line":13,"column":0},"end":{"line":13,"column":17}},"13":{"start":{"line":14,"column":0},"end":{"line":14,"column":37}},"14":{"start":{"line":15,"column":0},"end":{"line":15,"column":3}},"16":{"start":{"line":17,"column":0},"end":{"line":17,"column":37}},"17":{"start":{"line":18,"column":0},"end":{"line":18,"column":30}},"18":{"start":{"line":19,"column":0},"end":{"line":19,"column":3}},"20":{"start":{"line":21,"column":0},"end":{"line":21,"column":58}},"21":{"start":{"line":22,"column":0},"end":{"line":22,"column":42}},"22":{"start":{"line":23,"column":0},"end":{"line":23,"column":40}},"23":{"start":{"line":24,"column":0},"end":{"line":24,"column":3}},"25":{"start":{"line":26,"column":0},"end":{"line":26,"column":12}},"26":{"start":{"line":27,"column":0},"end":{"line":27,"column":30}},"27":{"start":{"line":28,"column":0},"end":{"line":28,"column":14}},"28":{"start":{"line":29,"column":0},"end":{"line":29,"column":56}},"29":{"start":{"line":30,"column":0},"end":{"line":30,"column":42}},"30":{"start":{"line":31,"column":0},"end":{"line":31,"column":59}},"31":{"start":{"line":32,"column":0},"end":{"line":32,"column":14}},"33":{"start":{"line":34,"column":0},"end":{"line":34,"column":5}},"35":{"start":{"line":36,"column":0},"end":{"line":36,"column":31}},"36":{"start":{"line":37,"column":0},"end":{"line":37,"column":3}},"37":{"start":{"line":38,"column":0},"end":{"line":38,"column":1}}},"s":{"0":1,"10":1,"11":1,"12":2,"13":2,"14":2,"16":1,"17":2,"18":2,"20":1,"21":1,"22":1,"23":1,"25":1,"26":3,"27":2,"28":2,"29":2,"30":2,"31":2,"33":2,"35":1,"36":3,"37":1},"branchMap":{"0":{"type":"branch","line":12,"loc":{"start":{"line":12,"column":2},"end":{"line":15,"column":3}},"locations":[{"start":{"line":12,"column":2},"end":{"line":15,"column":3}}]},"1":{"type":"branch","line":17,"loc":{"start":{"line":17,"column":9},"end":{"line":19,"column":3}},"locations":[{"start":{"line":17,"column":9},"end":{"line":19,"column":3}}]},"2":{"type":"branch","line":21,"loc":{"start":{"line":21,"column":2},"end":{"line":24,"column":3}},"locations":[{"start":{"line":21,"column":2},"end":{"line":24,"column":3}}]},"3":{"type":"branch","line":26,"loc":{"start":{"line":26,"column":2},"end":{"line":37,"column":3}},"locations":[{"start":{"line":26,"column":2},"end":{"line":37,"column":3}}]},"4":{"type":"branch","line":27,"loc":{"start":{"line":27,"column":29},"end":{"line":34,"column":5}},"locations":[{"start":{"line":27,"column":29},"end":{"line":34,"column":5}}]},"5":{"type":"branch","line":34,"loc":{"start":{"line":34,"column":4},"end":{"line":36,"column":31}},"locations":[{"start":{"line":34,"column":4},"end":{"line":36,"column":31}}]}},"b":{"0":[2],"1":[2],"2":[1],"3":[3],"4":[2],"5":[1]},"fnMap":{"0":{"name":"MyErrorBoundary","decl":{"start":{"line":12,"column":2},"end":{"line":15,"column":3}},"loc":{"start":{"line":12,"column":2},"end":{"line":15,"column":3}},"line":12},"1":{"name":"getDerivedStateFromError","decl":{"start":{"line":17,"column":9},"end":{"line":19,"column":3}},"loc":{"start":{"line":17,"column":9},"end":{"line":19,"column":3}},"line":17},"2":{"name":"componentDidCatch","decl":{"start":{"line":21,"column":2},"end":{"line":24,"column":3}},"loc":{"start":{"line":21,"column":2},"end":{"line":24,"column":3}},"line":21},"3":{"name":"render","decl":{"start":{"line":26,"column":2},"end":{"line":37,"column":3}},"loc":{"start":{"line":26,"column":2},"end":{"line":37,"column":3}},"line":26}},"f":{"0":2,"1":2,"2":1,"3":3}}
,"D:\\rs_school\\rs-react\\src\\components\\ResultsList.tsx": {"path":"D:\\rs_school\\rs-react\\src\\components\\ResultsList.tsx","all":false,"statementMap":{"0":{"start":{"line":1,"column":0},"end":{"line":1,"column":34}},"2":{"start":{"line":3,"column":0},"end":{"line":3,"column":48}},"8":{"start":{"line":9,"column":0},"end":{"line":9,"column":51}},"9":{"start":{"line":10,"column":0},"end":{"line":10,"column":12}},"10":{"start":{"line":11,"column":0},"end":{"line":11,"column":35}},"12":{"start":{"line":13,"column":0},"end":{"line":13,"column":12}},"13":{"start":{"line":14,"column":0},"end":{"line":14,"column":39}},"14":{"start":{"line":15,"column":0},"end":{"line":15,"column":33}},"15":{"start":{"line":16,"column":0},"end":{"line":16,"column":27}},"17":{"start":{"line":18,"column":0},"end":{"line":18,"column":56}},"18":{"start":{"line":19,"column":0},"end":{"line":19,"column":36}},"19":{"start":{"line":20,"column":0},"end":{"line":20,"column":63}},"20":{"start":{"line":21,"column":0},"end":{"line":21,"column":15}},"21":{"start":{"line":22,"column":0},"end":{"line":22,"column":15}},"23":{"start":{"line":24,"column":0},"end":{"line":24,"column":12}},"25":{"start":{"line":26,"column":0},"end":{"line":26,"column":3}},"26":{"start":{"line":27,"column":0},"end":{"line":27,"column":1}}},"s":{"0":1,"2":1,"8":1,"9":1,"10":15,"12":15,"13":15,"14":15,"15":12,"17":3,"18":3,"19":6,"20":3,"21":3,"23":15,"25":15,"26":1},"branchMap":{"0":{"type":"branch","line":10,"loc":{"start":{"line":10,"column":2},"end":{"line":26,"column":3}},"locations":[{"start":{"line":10,"column":2},"end":{"line":26,"column":3}}]},"1":{"type":"branch","line":15,"loc":{"start":{"line":15,"column":28},"end":{"line":16,"column":27}},"locations":[{"start":{"line":15,"column":28},"end":{"line":16,"column":27}}]},"2":{"type":"branch","line":16,"loc":{"start":{"line":16,"column":23},"end":{"line":22,"column":15}},"locations":[{"start":{"line":16,"column":23},"end":{"line":22,"column":15}}]},"3":{"type":"branch","line":19,"loc":{"start":{"line":19,"column":25},"end":{"line":20,"column":63}},"locations":[{"start":{"line":19,"column":25},"end":{"line":20,"column":63}}]}},"b":{"0":[15],"1":[12],"2":[3],"3":[6]},"fnMap":{"0":{"name":"render","decl":{"start":{"line":10,"column":2},"end":{"line":26,"column":3}},"loc":{"start":{"line":10,"column":2},"end":{"line":26,"column":3}},"line":10}},"f":{"0":15}}
,"D:\\rs_school\\rs-react\\src\\components\\SearchBar.tsx": {"path":"D:\\rs_school\\rs-react\\src\\components\\SearchBar.tsx","all":false,"statementMap":{"0":{"start":{"line":1,"column":0},"end":{"line":1,"column":34}},"11":{"start":{"line":12,"column":0},"end":{"line":12,"column":68}},"12":{"start":{"line":13,"column":0},"end":{"line":13,"column":35}},"13":{"start":{"line":14,"column":0},"end":{"line":14,"column":17}},"14":{"start":{"line":15,"column":0},"end":{"line":15,"column":47}},"15":{"start":{"line":16,"column":0},"end":{"line":16,"column":3}},"17":{"start":{"line":18,"column":0},"end":{"line":18,"column":62}},"18":{"start":{"line":19,"column":0},"end":{"line":19,"column":45}},"19":{"start":{"line":20,"column":0},"end":{"line":20,"column":4}},"21":{"start":{"line":22,"column":0},"end":{"line":22,"column":23}},"22":{"start":{"line":23,"column":0},"end":{"line":23,"column":44}},"23":{"start":{"line":24,"column":0},"end":{"line":24,"column":49}},"24":{"start":{"line":25,"column":0},"end":{"line":25,"column":33}},"25":{"start":{"line":26,"column":0},"end":{"line":26,"column":4}},"27":{"start":{"line":28,"column":0},"end":{"line":28,"column":12}},"28":{"start":{"line":29,"column":0},"end":{"line":29,"column":12}},"29":{"start":{"line":30,"column":0},"end":{"line":30,"column":71}},"30":{"start":{"line":31,"column":0},"end":{"line":31,"column":14}},"31":{"start":{"line":32,"column":0},"end":{"line":32,"column":34}},"32":{"start":{"line":33,"column":0},"end":{"line":33,"column":21}},"33":{"start":{"line":34,"column":0},"end":{"line":34,"column":34}},"34":{"start":{"line":35,"column":0},"end":{"line":35,"column":38}},"35":{"start":{"line":36,"column":0},"end":{"line":36,"column":47}},"36":{"start":{"line":37,"column":0},"end":{"line":37,"column":10}},"37":{"start":{"line":38,"column":0},"end":{"line":38,"column":62}},"39":{"start":{"line":40,"column":0},"end":{"line":40,"column":17}},"40":{"start":{"line":41,"column":0},"end":{"line":41,"column":12}},"42":{"start":{"line":43,"column":0},"end":{"line":43,"column":3}},"43":{"start":{"line":44,"column":0},"end":{"line":44,"column":1}}},"s":{"0":1,"11":1,"12":5,"13":5,"14":5,"15":5,"17":5,"18":1,"19":1,"21":5,"22":1,"23":1,"24":1,"25":1,"27":5,"28":18,"29":18,"30":18,"31":18,"32":18,"33":18,"34":18,"35":18,"36":18,"37":18,"39":18,"40":18,"42":18,"43":5},"branchMap":{"0":{"type":"branch","line":12,"loc":{"start":{"line":12,"column":67},"end":{"line":44,"column":1}},"locations":[{"start":{"line":12,"column":67},"end":{"line":44,"column":1}}]},"1":{"type":"branch","line":13,"loc":{"start":{"line":13,"column":2},"end":{"line":16,"column":3}},"locations":[{"start":{"line":13,"column":2},"end":{"line":16,"column":3}}]},"2":{"type":"branch","line":18,"loc":{"start":{"line":18,"column":17},"end":{"line":20,"column":4}},"locations":[{"start":{"line":18,"column":17},"end":{"line":20,"column":4}}]},"3":{"type":"branch","line":22,"loc":{"start":{"line":22,"column":16},"end":{"line":26,"column":4}},"locations":[{"start":{"line":22,"column":16},"end":{"line":26,"column":4}}]},"4":{"type":"branch","line":28,"loc":{"start":{"line":28,"column":2},"end":{"line":43,"column":3}},"locations":[{"start":{"line":28,"column":2},"end":{"line":43,"column":3}}]}},"b":{"0":[5],"1":[5],"2":[1],"3":[1],"4":[18]},"fnMap":{"0":{"name":"<instance_members_initializer>","decl":{"start":{"line":12,"column":67},"end":{"line":44,"column":1}},"loc":{"start":{"line":12,"column":67},"end":{"line":44,"column":1}},"line":12},"1":{"name":"SearchBar","decl":{"start":{"line":13,"column":2},"end":{"line":16,"column":3}},"loc":{"start":{"line":13,"column":2},"end":{"line":16,"column":3}},"line":13},"2":{"name":"handleChange","decl":{"start":{"line":18,"column":17},"end":{"line":20,"column":4}},"loc":{"start":{"line":18,"column":17},"end":{"line":20,"column":4}},"line":18},"3":{"name":"handleClick","decl":{"start":{"line":22,"column":16},"end":{"line":26,"column":4}},"loc":{"start":{"line":22,"column":16},"end":{"line":26,"column":4}},"line":22},"4":{"name":"render","decl":{"start":{"line":28,"column":2},"end":{"line":43,"column":3}},"loc":{"start":{"line":28,"column":2},"end":{"line":43,"column":3}},"line":28}},"f":{"0":5,"1":5,"2":1,"3":1,"4":18}}
,"D:\\rs_school\\rs-react\\src\\components\\Spinner.tsx": {"path":"D:\\rs_school\\rs-react\\src\\components\\Spinner.tsx","all":false,"statementMap":{"0":{"start":{"line":1,"column":0},"end":{"line":1,"column":43}},"2":{"start":{"line":3,"column":0},"end":{"line":3,"column":30}},"3":{"start":{"line":4,"column":0},"end":{"line":4,"column":6}},"4":{"start":{"line":5,"column":0},"end":{"line":5,"column":12}},"5":{"start":{"line":6,"column":0},"end":{"line":6,"column":27}},"6":{"start":{"line":7,"column":0},"end":{"line":7,"column":19}},"7":{"start":{"line":8,"column":0},"end":{"line":8,"column":18}},"8":{"start":{"line":9,"column":0},"end":{"line":9,"column":36}},"9":{"start":{"line":10,"column":0},"end":{"line":10,"column":18}},"10":{"start":{"line":11,"column":0},"end":{"line":11,"column":22}},"11":{"start":{"line":12,"column":0},"end":{"line":12,"column":27}},"12":{"start":{"line":13,"column":0},"end":{"line":13,"column":20}},"13":{"start":{"line":14,"column":0},"end":{"line":14,"column":23}},"14":{"start":{"line":15,"column":0},"end":{"line":15,"column":23}},"15":{"start":{"line":16,"column":0},"end":{"line":16,"column":6}},"17":{"start":{"line":18,"column":0},"end":{"line":18,"column":68}},"18":{"start":{"line":19,"column":0},"end":{"line":19,"column":27}},"19":{"start":{"line":20,"column":0},"end":{"line":20,"column":8}}},"s":{"0":1,"2":1,"3":9,"4":9,"5":9,"6":9,"7":9,"8":9,"9":9,"10":9,"11":9,"12":9,"13":9,"14":9,"15":9,"17":9,"18":9,"19":9},"branchMap":{"0":{"type":"branch","line":3,"loc":{"start":{"line":3,"column":23},"end":{"line":20,"column":8}},"locations":[{"start":{"line":3,"column":23},"end":{"line":20,"column":8}}]}},"b":{"0":[9]},"fnMap":{"0":{"name":"Spinner","decl":{"start":{"line":3,"column":23},"end":{"line":20,"column":8}},"loc":{"start":{"line":3,"column":23},"end":{"line":20,"column":8}},"line":3}},"f":{"0":9}}
,"D:\\rs_school\\rs-react\\src\\utils\\fetchHomeworld.ts": {"path":"D:\\rs_school\\rs-react\\src\\utils\\fetchHomeworld.ts","all":false,"statementMap":{"0":{"start":{"line":1,"column":0},"end":{"line":1,"column":71}},"1":{"start":{"line":2,"column":0},"end":{"line":2,"column":7}},"2":{"start":{"line":3,"column":0},"end":{"line":3,"column":33}},"3":{"start":{"line":4,"column":0},"end":{"line":4,"column":34}},"4":{"start":{"line":5,"column":0},"end":{"line":5,"column":12}},"5":{"start":{"line":6,"column":0},"end":{"line":6,"column":38}},"6":{"start":{"line":7,"column":0},"end":{"line":7,"column":39}},"7":{"start":{"line":8,"column":0},"end":{"line":8,"column":15}},"9":{"start":{"line":10,"column":0},"end":{"line":10,"column":11}},"10":{"start":{"line":11,"column":0},"end":{"line":11,"column":21}},"11":{"start":{"line":12,"column":0},"end":{"line":12,"column":3}},"12":{"start":{"line":13,"column":0},"end":{"line":13,"column":2}}},"s":{"0":1,"1":0,"2":0,"3":0,"4":0,"5":0,"6":0,"7":0,"9":0,"10":0,"11":0,"12":0},"branchMap":{},"b":{},"fnMap":{"0":{"name":"fetchHomeworld","decl":{"start":{"line":1,"column":30},"end":{"line":13,"column":2}},"loc":{"start":{"line":1,"column":30},"end":{"line":13,"column":2}},"line":1}},"f":{"0":0}}
}
